2020-08-18 23:03:17 INFO  BasePage:66 - Into Before Suite - Hook
2020-08-18 23:03:17 INFO  ExtentManager:23 - Into extent reporter ----
2020-08-18 23:03:17 INFO  ExtentManager:35 - HTML report created : Assignment  
2020-08-18 23:03:17 INFO  BasePage:79 - Into before Test Hook 
2020-08-18 23:03:21 INFO  BasePage:93 - Error while launching Browser...
2020-08-18 23:03:21 ERROR BasePage:94 - [Ljava.lang.StackTraceElement;@6d6bc158
2020-08-18 23:03:21 INFO  BasePage:32 - New testcase :testCase_Search
2020-08-18 23:03:21 INFO  BasePage:34 - Testcase Description : 
2020-08-18 23:03:21 INFO  BasePage:35 - Testcase get skipped
2020-08-18 23:03:21 ERROR BasePage:38 - testCase_Search SKIPPED 
2020-08-18 23:03:21 INFO  BasePage:136 - Closing brower...
2020-08-18 23:03:21 INFO  BasePage:79 - Into before Test Hook 
2020-08-18 23:03:22 INFO  BasePage:93 - Error while launching Browser...
2020-08-18 23:03:22 ERROR BasePage:94 - [Ljava.lang.StackTraceElement;@17f460bb
2020-08-18 23:03:22 INFO  TestDataProviders:17 - Into Dataprovider - Negative Login Data
2020-08-18 23:03:22 INFO  TestDataProviders:21 - Reading JSON from a file
2020-08-18 23:03:23 INFO  BasePage:104 - Starting the testcase testCase_NegativeLogin
2020-08-18 23:03:23 INFO  BasePage:32 - New testcase :testCase_NegativeLogin
2020-08-18 23:03:23 INFO  BasePage:34 - Testcase Description : 
2020-08-18 23:03:23 INFO  BasePage:35 - Testcase get skipped
2020-08-18 23:03:23 ERROR BasePage:38 - testCase_NegativeLogin SKIPPED 
2020-08-18 23:03:23 ERROR BasePage:129 - testCase_NegativeLogin SKIPPED 
2020-08-18 23:03:23 INFO  TestDataProviders:17 - Into Dataprovider - Negative Login Data
2020-08-18 23:03:23 INFO  TestDataProviders:21 - Reading JSON from a file
2020-08-18 23:03:23 INFO  BasePage:104 - Starting the testcase testCase_NegativeLogin
2020-08-18 23:03:23 INFO  BasePage:32 - New testcase :testCase_NegativeLogin
2020-08-18 23:03:23 INFO  BasePage:34 - Testcase Description : 
2020-08-18 23:03:23 INFO  BasePage:35 - Testcase get skipped
2020-08-18 23:03:23 ERROR BasePage:38 - testCase_NegativeLogin SKIPPED 
2020-08-18 23:03:23 ERROR BasePage:129 - testCase_NegativeLogin SKIPPED 
2020-08-18 23:03:23 INFO  TestDataProviders:17 - Into Dataprovider - Negative Login Data
2020-08-18 23:03:23 INFO  TestDataProviders:21 - Reading JSON from a file
2020-08-18 23:03:23 INFO  BasePage:104 - Starting the testcase testCase_NegativeLogin
2020-08-18 23:03:23 ERROR BasePage:112 - testCase_NegativeLogin FAILED 
2020-08-18 23:03:23 ERROR BasePage:115 - java.lang.NullPointerException
	at Pages.Login.launch(Login.java:39)
	at TestCases.NegativeLogin.testCase_NegativeLogin(NegativeLogin.java:25)
	at java.base/jdk.internal.reflect.NativeMethodAccessorImpl.invoke0(Native Method)
	at java.base/jdk.internal.reflect.NativeMethodAccessorImpl.invoke(NativeMethodAccessorImpl.java:62)
	at java.base/jdk.internal.reflect.DelegatingMethodAccessorImpl.invoke(DelegatingMethodAccessorImpl.java:43)
	at java.base/java.lang.reflect.Method.invoke(Method.java:566)
	at org.testng.internal.MethodInvocationHelper.invokeMethod(MethodInvocationHelper.java:135)
	at org.testng.internal.TestInvoker.invokeMethod(TestInvoker.java:598)
	at org.testng.internal.TestInvoker.retryFailed(TestInvoker.java:214)
	at org.testng.internal.MethodRunner.runInSequence(MethodRunner.java:58)
	at org.testng.internal.TestInvoker$MethodInvocationAgent.invoke(TestInvoker.java:821)
	at org.testng.internal.TestInvoker.invokeTestMethods(TestInvoker.java:147)
	at org.testng.internal.TestMethodWorker.invokeTestMethods(TestMethodWorker.java:146)
	at org.testng.internal.TestMethodWorker.run(TestMethodWorker.java:128)
	at java.base/java.util.ArrayList.forEach(ArrayList.java:1540)
	at org.testng.TestRunner.privateRun(TestRunner.java:767)
	at org.testng.TestRunner.run(TestRunner.java:588)
	at org.testng.SuiteRunner.runTest(SuiteRunner.java:384)
	at org.testng.SuiteRunner.runSequentially(SuiteRunner.java:378)
	at org.testng.SuiteRunner.privateRun(SuiteRunner.java:337)
	at org.testng.SuiteRunner.run(SuiteRunner.java:286)
	at org.testng.SuiteRunnerWorker.runSuite(SuiteRunnerWorker.java:53)
	at org.testng.SuiteRunnerWorker.run(SuiteRunnerWorker.java:96)
	at org.testng.TestNG.runSuitesSequentially(TestNG.java:1214)
	at org.testng.TestNG.runSuitesLocally(TestNG.java:1136)
	at org.testng.TestNG.runSuites(TestNG.java:1066)
	at org.testng.TestNG.run(TestNG.java:1034)
	at org.testng.remote.AbstractRemoteTestNG.run(AbstractRemoteTestNG.java:115)
	at org.testng.remote.RemoteTestNG.initAndRun(RemoteTestNG.java:251)
	at org.testng.remote.RemoteTestNG.main(RemoteTestNG.java:77)

2020-08-18 23:03:23 INFO  BasePage:136 - Closing brower...
2020-08-18 23:13:45 INFO  BasePage:66 - Into Before Suite - Hook
2020-08-18 23:13:45 INFO  ExtentManager:23 - Into extent reporter ----
2020-08-18 23:13:45 INFO  ExtentManager:35 - HTML report created : Assignment  
2020-08-18 23:13:45 INFO  BasePage:79 - Into before Test Hook 
2020-08-18 23:13:47 INFO  BasePage:93 - Error while launching Browser...
2020-08-18 23:13:47 ERROR BasePage:94 - [Ljava.lang.StackTraceElement;@6d6bc158
2020-08-18 23:13:47 INFO  BasePage:32 - New testcase :testCase_Search
2020-08-18 23:13:47 INFO  BasePage:34 - Testcase Description : 
2020-08-18 23:13:47 INFO  BasePage:35 - Testcase get skipped
2020-08-18 23:13:47 ERROR BasePage:38 - testCase_Search SKIPPED 
2020-08-18 23:13:47 INFO  BasePage:136 - Closing brower...
2020-08-18 23:13:47 INFO  BasePage:79 - Into before Test Hook 
2020-08-18 23:13:48 INFO  BasePage:93 - Error while launching Browser...
2020-08-18 23:13:48 ERROR BasePage:94 - [Ljava.lang.StackTraceElement;@17f460bb
2020-08-18 23:13:48 INFO  TestDataProviders:17 - Into Dataprovider - Negative Login Data
2020-08-18 23:13:48 INFO  TestDataProviders:21 - Reading JSON from a file
2020-08-18 23:13:48 INFO  BasePage:104 - Starting the testcase testCase_NegativeLogin
2020-08-18 23:13:48 INFO  BasePage:32 - New testcase :testCase_NegativeLogin
2020-08-18 23:13:48 INFO  BasePage:34 - Testcase Description : 
2020-08-18 23:13:48 INFO  BasePage:35 - Testcase get skipped
2020-08-18 23:13:48 ERROR BasePage:38 - testCase_NegativeLogin SKIPPED 
2020-08-18 23:13:48 ERROR BasePage:129 - testCase_NegativeLogin SKIPPED 
2020-08-18 23:13:48 INFO  TestDataProviders:17 - Into Dataprovider - Negative Login Data
2020-08-18 23:13:48 INFO  TestDataProviders:21 - Reading JSON from a file
2020-08-18 23:13:48 INFO  BasePage:104 - Starting the testcase testCase_NegativeLogin
2020-08-18 23:13:48 INFO  BasePage:32 - New testcase :testCase_NegativeLogin
2020-08-18 23:13:48 INFO  BasePage:34 - Testcase Description : 
2020-08-18 23:13:48 INFO  BasePage:35 - Testcase get skipped
2020-08-18 23:13:48 ERROR BasePage:38 - testCase_NegativeLogin SKIPPED 
2020-08-18 23:13:48 ERROR BasePage:129 - testCase_NegativeLogin SKIPPED 
2020-08-18 23:13:48 INFO  TestDataProviders:17 - Into Dataprovider - Negative Login Data
2020-08-18 23:13:48 INFO  TestDataProviders:21 - Reading JSON from a file
2020-08-18 23:13:48 INFO  BasePage:104 - Starting the testcase testCase_NegativeLogin
2020-08-18 23:13:48 ERROR BasePage:112 - testCase_NegativeLogin FAILED 
2020-08-18 23:13:48 ERROR BasePage:115 - java.lang.NullPointerException
	at Pages.Login.launch(Login.java:39)
	at TestCases.NegativeLogin.testCase_NegativeLogin(NegativeLogin.java:25)
	at java.base/jdk.internal.reflect.NativeMethodAccessorImpl.invoke0(Native Method)
	at java.base/jdk.internal.reflect.NativeMethodAccessorImpl.invoke(NativeMethodAccessorImpl.java:62)
	at java.base/jdk.internal.reflect.DelegatingMethodAccessorImpl.invoke(DelegatingMethodAccessorImpl.java:43)
	at java.base/java.lang.reflect.Method.invoke(Method.java:566)
	at org.testng.internal.MethodInvocationHelper.invokeMethod(MethodInvocationHelper.java:135)
	at org.testng.internal.TestInvoker.invokeMethod(TestInvoker.java:598)
	at org.testng.internal.TestInvoker.retryFailed(TestInvoker.java:214)
	at org.testng.internal.MethodRunner.runInSequence(MethodRunner.java:58)
	at org.testng.internal.TestInvoker$MethodInvocationAgent.invoke(TestInvoker.java:821)
	at org.testng.internal.TestInvoker.invokeTestMethods(TestInvoker.java:147)
	at org.testng.internal.TestMethodWorker.invokeTestMethods(TestMethodWorker.java:146)
	at org.testng.internal.TestMethodWorker.run(TestMethodWorker.java:128)
	at java.base/java.util.ArrayList.forEach(ArrayList.java:1540)
	at org.testng.TestRunner.privateRun(TestRunner.java:767)
	at org.testng.TestRunner.run(TestRunner.java:588)
	at org.testng.SuiteRunner.runTest(SuiteRunner.java:384)
	at org.testng.SuiteRunner.runSequentially(SuiteRunner.java:378)
	at org.testng.SuiteRunner.privateRun(SuiteRunner.java:337)
	at org.testng.SuiteRunner.run(SuiteRunner.java:286)
	at org.testng.SuiteRunnerWorker.runSuite(SuiteRunnerWorker.java:53)
	at org.testng.SuiteRunnerWorker.run(SuiteRunnerWorker.java:96)
	at org.testng.TestNG.runSuitesSequentially(TestNG.java:1214)
	at org.testng.TestNG.runSuitesLocally(TestNG.java:1136)
	at org.testng.TestNG.runSuites(TestNG.java:1066)
	at org.testng.TestNG.run(TestNG.java:1034)
	at org.testng.remote.AbstractRemoteTestNG.run(AbstractRemoteTestNG.java:115)
	at org.testng.remote.RemoteTestNG.initAndRun(RemoteTestNG.java:251)
	at org.testng.remote.RemoteTestNG.main(RemoteTestNG.java:77)

2020-08-18 23:13:48 INFO  BasePage:136 - Closing brower...
2020-08-19 12:06:42 INFO  BasePage:63 - Into Before Suite - Hook
2020-08-19 12:06:42 INFO  ExtentManager:22 - Into extent reporter ----
2020-08-19 12:06:42 INFO  ExtentManager:34 - HTML report created : Assignment  
2020-08-19 12:06:42 INFO  BasePage:74 - Into before Test Hook 
2020-08-19 12:06:44 INFO  BasePage:88 - Error while launching Browser...
2020-08-19 12:06:44 ERROR BasePage:89 - [Ljava.lang.StackTraceElement;@6d6bc158
2020-08-19 12:06:44 INFO  BasePage:30 - New testcase :testCase_Search
2020-08-19 12:06:44 INFO  BasePage:32 - Testcase Description : 
2020-08-19 12:06:44 INFO  BasePage:33 - Testcase get skipped
2020-08-19 12:06:44 ERROR BasePage:36 - testCase_Search SKIPPED 
2020-08-19 12:06:44 INFO  BasePage:131 - Closing brower...
2020-08-19 12:06:44 INFO  BasePage:74 - Into before Test Hook 
2020-08-19 12:06:45 INFO  BasePage:88 - Error while launching Browser...
2020-08-19 12:06:45 ERROR BasePage:89 - [Ljava.lang.StackTraceElement;@17f460bb
2020-08-19 12:06:45 INFO  TestDataProviders:17 - Into Dataprovider - Negative Login Data
2020-08-19 12:06:45 INFO  TestDataProviders:21 - Reading JSON from a file
2020-08-19 12:06:45 INFO  BasePage:99 - Starting the testcase testCase_NegativeLogin
2020-08-19 12:06:45 INFO  BasePage:30 - New testcase :testCase_NegativeLogin
2020-08-19 12:06:45 INFO  BasePage:32 - Testcase Description : 
2020-08-19 12:06:45 INFO  BasePage:33 - Testcase get skipped
2020-08-19 12:06:45 ERROR BasePage:36 - testCase_NegativeLogin SKIPPED 
2020-08-19 12:06:45 ERROR BasePage:124 - testCase_NegativeLogin SKIPPED 
2020-08-19 12:06:45 INFO  TestDataProviders:17 - Into Dataprovider - Negative Login Data
2020-08-19 12:06:45 INFO  TestDataProviders:21 - Reading JSON from a file
2020-08-19 12:06:45 INFO  BasePage:99 - Starting the testcase testCase_NegativeLogin
2020-08-19 12:06:45 INFO  BasePage:30 - New testcase :testCase_NegativeLogin
2020-08-19 12:06:45 INFO  BasePage:32 - Testcase Description : 
2020-08-19 12:06:45 INFO  BasePage:33 - Testcase get skipped
2020-08-19 12:06:45 ERROR BasePage:36 - testCase_NegativeLogin SKIPPED 
2020-08-19 12:06:45 ERROR BasePage:124 - testCase_NegativeLogin SKIPPED 
2020-08-19 12:06:45 INFO  TestDataProviders:17 - Into Dataprovider - Negative Login Data
2020-08-19 12:06:45 INFO  TestDataProviders:21 - Reading JSON from a file
2020-08-19 12:06:45 INFO  BasePage:99 - Starting the testcase testCase_NegativeLogin
2020-08-19 12:06:45 ERROR BasePage:107 - testCase_NegativeLogin FAILED 
2020-08-19 12:06:45 ERROR BasePage:110 - java.lang.NullPointerException
	at Pages.Login.launch(Login.java:36)
	at TestCases.NegativeLogin.testCase_NegativeLogin(NegativeLogin.java:25)
	at java.base/jdk.internal.reflect.NativeMethodAccessorImpl.invoke0(Native Method)
	at java.base/jdk.internal.reflect.NativeMethodAccessorImpl.invoke(NativeMethodAccessorImpl.java:62)
	at java.base/jdk.internal.reflect.DelegatingMethodAccessorImpl.invoke(DelegatingMethodAccessorImpl.java:43)
	at java.base/java.lang.reflect.Method.invoke(Method.java:566)
	at org.testng.internal.MethodInvocationHelper.invokeMethod(MethodInvocationHelper.java:135)
	at org.testng.internal.TestInvoker.invokeMethod(TestInvoker.java:598)
	at org.testng.internal.TestInvoker.retryFailed(TestInvoker.java:214)
	at org.testng.internal.MethodRunner.runInSequence(MethodRunner.java:58)
	at org.testng.internal.TestInvoker$MethodInvocationAgent.invoke(TestInvoker.java:821)
	at org.testng.internal.TestInvoker.invokeTestMethods(TestInvoker.java:147)
	at org.testng.internal.TestMethodWorker.invokeTestMethods(TestMethodWorker.java:146)
	at org.testng.internal.TestMethodWorker.run(TestMethodWorker.java:128)
	at java.base/java.util.ArrayList.forEach(ArrayList.java:1540)
	at org.testng.TestRunner.privateRun(TestRunner.java:767)
	at org.testng.TestRunner.run(TestRunner.java:588)
	at org.testng.SuiteRunner.runTest(SuiteRunner.java:384)
	at org.testng.SuiteRunner.runSequentially(SuiteRunner.java:378)
	at org.testng.SuiteRunner.privateRun(SuiteRunner.java:337)
	at org.testng.SuiteRunner.run(SuiteRunner.java:286)
	at org.testng.SuiteRunnerWorker.runSuite(SuiteRunnerWorker.java:53)
	at org.testng.SuiteRunnerWorker.run(SuiteRunnerWorker.java:96)
	at org.testng.TestNG.runSuitesSequentially(TestNG.java:1214)
	at org.testng.TestNG.runSuitesLocally(TestNG.java:1136)
	at org.testng.TestNG.runSuites(TestNG.java:1066)
	at org.testng.TestNG.run(TestNG.java:1034)
	at org.testng.remote.AbstractRemoteTestNG.run(AbstractRemoteTestNG.java:115)
	at org.testng.remote.RemoteTestNG.initAndRun(RemoteTestNG.java:251)
	at org.testng.remote.RemoteTestNG.main(RemoteTestNG.java:77)

2020-08-19 12:06:45 INFO  BasePage:131 - Closing brower...
2020-08-19 12:08:13 INFO  BasePage:63 - Into Before Suite - Hook
2020-08-19 12:08:13 INFO  ExtentManager:22 - Into extent reporter ----
2020-08-19 12:08:13 INFO  ExtentManager:34 - HTML report created : Assignment  
2020-08-19 12:08:13 INFO  BasePage:74 - Into before Test Hook 
2020-08-19 12:08:15 INFO  BasePage:88 - Error while launching Browser...
2020-08-19 12:08:15 ERROR BasePage:89 - [Ljava.lang.StackTraceElement;@6d6bc158
2020-08-19 12:08:15 INFO  BasePage:30 - New testcase :testCase_Search
2020-08-19 12:08:15 INFO  BasePage:32 - Testcase Description : 
2020-08-19 12:08:15 INFO  BasePage:33 - Testcase get skipped
2020-08-19 12:08:15 ERROR BasePage:36 - testCase_Search SKIPPED 
2020-08-19 12:08:15 INFO  BasePage:131 - Closing brower...
2020-08-19 12:08:15 INFO  BasePage:74 - Into before Test Hook 
2020-08-19 12:08:16 INFO  BasePage:88 - Error while launching Browser...
2020-08-19 12:08:16 ERROR BasePage:89 - [Ljava.lang.StackTraceElement;@17f460bb
2020-08-19 12:08:16 INFO  TestDataProviders:17 - Into Dataprovider - Negative Login Data
2020-08-19 12:08:16 INFO  TestDataProviders:21 - Reading JSON from a file
2020-08-19 12:08:16 INFO  BasePage:99 - Starting the testcase testCase_NegativeLogin
2020-08-19 12:08:16 INFO  BasePage:30 - New testcase :testCase_NegativeLogin
2020-08-19 12:08:16 INFO  BasePage:32 - Testcase Description : 
2020-08-19 12:08:16 INFO  BasePage:33 - Testcase get skipped
2020-08-19 12:08:16 ERROR BasePage:36 - testCase_NegativeLogin SKIPPED 
2020-08-19 12:08:16 ERROR BasePage:124 - testCase_NegativeLogin SKIPPED 
2020-08-19 12:08:16 INFO  TestDataProviders:17 - Into Dataprovider - Negative Login Data
2020-08-19 12:08:16 INFO  TestDataProviders:21 - Reading JSON from a file
2020-08-19 12:08:16 INFO  BasePage:99 - Starting the testcase testCase_NegativeLogin
2020-08-19 12:08:16 INFO  BasePage:30 - New testcase :testCase_NegativeLogin
2020-08-19 12:08:16 INFO  BasePage:32 - Testcase Description : 
2020-08-19 12:08:16 INFO  BasePage:33 - Testcase get skipped
2020-08-19 12:08:16 ERROR BasePage:36 - testCase_NegativeLogin SKIPPED 
2020-08-19 12:08:16 ERROR BasePage:124 - testCase_NegativeLogin SKIPPED 
2020-08-19 12:08:16 INFO  TestDataProviders:17 - Into Dataprovider - Negative Login Data
2020-08-19 12:08:16 INFO  TestDataProviders:21 - Reading JSON from a file
2020-08-19 12:08:16 INFO  BasePage:99 - Starting the testcase testCase_NegativeLogin
2020-08-19 12:08:16 ERROR BasePage:107 - testCase_NegativeLogin FAILED 
2020-08-19 12:08:16 INFO  BasePage:131 - Closing brower...
2020-08-19 12:10:29 INFO  BasePage:63 - Into Before Suite - Hook
2020-08-19 12:10:29 INFO  ExtentManager:22 - Into extent reporter ----
2020-08-19 12:10:30 INFO  ExtentManager:34 - HTML report created : Assignment  
2020-08-19 12:10:30 INFO  BasePage:74 - Into before Test Hook 
2020-08-19 12:10:31 INFO  BasePage:88 - Error while launching Browser...
2020-08-19 12:10:31 ERROR BasePage:89 - [Ljava.lang.StackTraceElement;@6d6bc158
2020-08-19 12:10:31 INFO  BasePage:30 - New testcase :testCase_Search
2020-08-19 12:10:31 INFO  BasePage:32 - Testcase Description : 
2020-08-19 12:10:31 INFO  BasePage:33 - Testcase get skipped
2020-08-19 12:10:31 ERROR BasePage:36 - testCase_Search SKIPPED 
2020-08-19 12:10:31 INFO  BasePage:131 - Closing brower...
2020-08-19 12:10:32 INFO  BasePage:74 - Into before Test Hook 
2020-08-19 12:10:33 INFO  BasePage:88 - Error while launching Browser...
2020-08-19 12:10:33 ERROR BasePage:89 - [Ljava.lang.StackTraceElement;@17f460bb
2020-08-19 12:10:33 INFO  TestDataProviders:17 - Into Dataprovider - Negative Login Data
2020-08-19 12:10:33 INFO  TestDataProviders:21 - Reading JSON from a file
2020-08-19 12:10:33 INFO  BasePage:99 - Starting the testcase testCase_NegativeLogin
2020-08-19 12:10:33 INFO  BasePage:30 - New testcase :testCase_NegativeLogin
2020-08-19 12:10:33 INFO  BasePage:32 - Testcase Description : 
2020-08-19 12:10:33 INFO  BasePage:33 - Testcase get skipped
2020-08-19 12:10:33 ERROR BasePage:36 - testCase_NegativeLogin SKIPPED 
2020-08-19 12:10:33 ERROR BasePage:124 - testCase_NegativeLogin SKIPPED 
2020-08-19 12:10:33 INFO  TestDataProviders:17 - Into Dataprovider - Negative Login Data
2020-08-19 12:10:33 INFO  TestDataProviders:21 - Reading JSON from a file
2020-08-19 12:10:33 INFO  BasePage:99 - Starting the testcase testCase_NegativeLogin
2020-08-19 12:10:33 INFO  BasePage:30 - New testcase :testCase_NegativeLogin
2020-08-19 12:10:33 INFO  BasePage:32 - Testcase Description : 
2020-08-19 12:10:33 INFO  BasePage:33 - Testcase get skipped
2020-08-19 12:10:33 ERROR BasePage:36 - testCase_NegativeLogin SKIPPED 
2020-08-19 12:10:33 ERROR BasePage:124 - testCase_NegativeLogin SKIPPED 
2020-08-19 12:10:33 INFO  TestDataProviders:17 - Into Dataprovider - Negative Login Data
2020-08-19 12:10:33 INFO  TestDataProviders:21 - Reading JSON from a file
2020-08-19 12:10:33 INFO  BasePage:99 - Starting the testcase testCase_NegativeLogin
2020-08-19 12:10:33 ERROR BasePage:107 - testCase_NegativeLogin FAILED 
2020-08-19 12:10:33 ERROR BasePage:110 - java.lang.NullPointerException
	at Pages.Login.launch(Login.java:36)
	at TestCases.NegativeLogin.testCase_NegativeLogin(NegativeLogin.java:25)
	at java.base/jdk.internal.reflect.NativeMethodAccessorImpl.invoke0(Native Method)
	at java.base/jdk.internal.reflect.NativeMethodAccessorImpl.invoke(NativeMethodAccessorImpl.java:62)
	at java.base/jdk.internal.reflect.DelegatingMethodAccessorImpl.invoke(DelegatingMethodAccessorImpl.java:43)
	at java.base/java.lang.reflect.Method.invoke(Method.java:566)
	at org.testng.internal.MethodInvocationHelper.invokeMethod(MethodInvocationHelper.java:135)
	at org.testng.internal.TestInvoker.invokeMethod(TestInvoker.java:598)
	at org.testng.internal.TestInvoker.retryFailed(TestInvoker.java:214)
	at org.testng.internal.MethodRunner.runInSequence(MethodRunner.java:58)
	at org.testng.internal.TestInvoker$MethodInvocationAgent.invoke(TestInvoker.java:821)
	at org.testng.internal.TestInvoker.invokeTestMethods(TestInvoker.java:147)
	at org.testng.internal.TestMethodWorker.invokeTestMethods(TestMethodWorker.java:146)
	at org.testng.internal.TestMethodWorker.run(TestMethodWorker.java:128)
	at java.base/java.util.ArrayList.forEach(ArrayList.java:1540)
	at org.testng.TestRunner.privateRun(TestRunner.java:767)
	at org.testng.TestRunner.run(TestRunner.java:588)
	at org.testng.SuiteRunner.runTest(SuiteRunner.java:384)
	at org.testng.SuiteRunner.runSequentially(SuiteRunner.java:378)
	at org.testng.SuiteRunner.privateRun(SuiteRunner.java:337)
	at org.testng.SuiteRunner.run(SuiteRunner.java:286)
	at org.testng.SuiteRunnerWorker.runSuite(SuiteRunnerWorker.java:53)
	at org.testng.SuiteRunnerWorker.run(SuiteRunnerWorker.java:96)
	at org.testng.TestNG.runSuitesSequentially(TestNG.java:1214)
	at org.testng.TestNG.runSuitesLocally(TestNG.java:1136)
	at org.testng.TestNG.runSuites(TestNG.java:1066)
	at org.testng.TestNG.run(TestNG.java:1034)
	at org.testng.remote.AbstractRemoteTestNG.run(AbstractRemoteTestNG.java:115)
	at org.testng.remote.RemoteTestNG.initAndRun(RemoteTestNG.java:251)
	at org.testng.remote.RemoteTestNG.main(RemoteTestNG.java:77)

2020-08-19 12:10:33 INFO  BasePage:131 - Closing brower...
2020-08-19 18:09:03 INFO  BasePage:63 - Into Before Suite - Hook
2020-08-19 18:09:03 INFO  ExtentManager:22 - Into extent reporter ----
2020-08-19 18:09:03 INFO  ExtentManager:34 - HTML report created : Assignment  
2020-08-19 18:09:03 INFO  BasePage:74 - Into before Test Hook 
2020-08-19 18:09:06 INFO  BasePage:88 - Error while launching Browser...
2020-08-19 18:09:06 ERROR BasePage:89 - [Ljava.lang.StackTraceElement;@6d6bc158
2020-08-19 18:09:06 INFO  BasePage:30 - New testcase :testCase_Search
2020-08-19 18:09:06 INFO  BasePage:32 - Testcase Description : 
2020-08-19 18:09:06 INFO  BasePage:33 - Testcase get skipped
2020-08-19 18:09:06 ERROR BasePage:36 - testCase_Search SKIPPED 
2020-08-19 18:09:06 INFO  BasePage:131 - Closing brower...
2020-08-19 18:09:06 INFO  BasePage:74 - Into before Test Hook 
2020-08-19 18:09:07 INFO  BasePage:88 - Error while launching Browser...
2020-08-19 18:09:07 ERROR BasePage:89 - [Ljava.lang.StackTraceElement;@17f460bb
2020-08-19 18:09:07 INFO  TestDataProviders:17 - Into Dataprovider - Negative Login Data
2020-08-19 18:09:07 INFO  TestDataProviders:21 - Reading JSON from a file
2020-08-19 18:09:07 INFO  BasePage:99 - Starting the testcase testCase_NegativeLogin
2020-08-19 18:09:07 INFO  BasePage:30 - New testcase :testCase_NegativeLogin
2020-08-19 18:09:07 INFO  BasePage:32 - Testcase Description : 
2020-08-19 18:09:07 INFO  BasePage:33 - Testcase get skipped
2020-08-19 18:09:07 ERROR BasePage:36 - testCase_NegativeLogin SKIPPED 
2020-08-19 18:09:07 ERROR BasePage:124 - testCase_NegativeLogin SKIPPED 
2020-08-19 18:09:07 INFO  TestDataProviders:17 - Into Dataprovider - Negative Login Data
2020-08-19 18:09:07 INFO  TestDataProviders:21 - Reading JSON from a file
2020-08-19 18:09:08 INFO  BasePage:99 - Starting the testcase testCase_NegativeLogin
2020-08-19 18:09:08 INFO  BasePage:30 - New testcase :testCase_NegativeLogin
2020-08-19 18:09:08 INFO  BasePage:32 - Testcase Description : 
2020-08-19 18:09:08 INFO  BasePage:33 - Testcase get skipped
2020-08-19 18:09:08 ERROR BasePage:36 - testCase_NegativeLogin SKIPPED 
2020-08-19 18:09:08 ERROR BasePage:124 - testCase_NegativeLogin SKIPPED 
2020-08-19 18:09:08 INFO  TestDataProviders:17 - Into Dataprovider - Negative Login Data
2020-08-19 18:09:08 INFO  TestDataProviders:21 - Reading JSON from a file
2020-08-19 18:09:08 INFO  BasePage:99 - Starting the testcase testCase_NegativeLogin
2020-08-19 18:09:08 ERROR BasePage:107 - testCase_NegativeLogin FAILED 
2020-08-19 18:09:08 ERROR BasePage:110 - java.lang.NullPointerException
	at Pages.Login.launch(Login.java:36)
	at TestCases.NegativeLogin.testCase_NegativeLogin(NegativeLogin.java:25)
	at java.base/jdk.internal.reflect.NativeMethodAccessorImpl.invoke0(Native Method)
	at java.base/jdk.internal.reflect.NativeMethodAccessorImpl.invoke(NativeMethodAccessorImpl.java:62)
	at java.base/jdk.internal.reflect.DelegatingMethodAccessorImpl.invoke(DelegatingMethodAccessorImpl.java:43)
	at java.base/java.lang.reflect.Method.invoke(Method.java:566)
	at org.testng.internal.MethodInvocationHelper.invokeMethod(MethodInvocationHelper.java:135)
	at org.testng.internal.TestInvoker.invokeMethod(TestInvoker.java:598)
	at org.testng.internal.TestInvoker.retryFailed(TestInvoker.java:214)
	at org.testng.internal.MethodRunner.runInSequence(MethodRunner.java:58)
	at org.testng.internal.TestInvoker$MethodInvocationAgent.invoke(TestInvoker.java:821)
	at org.testng.internal.TestInvoker.invokeTestMethods(TestInvoker.java:147)
	at org.testng.internal.TestMethodWorker.invokeTestMethods(TestMethodWorker.java:146)
	at org.testng.internal.TestMethodWorker.run(TestMethodWorker.java:128)
	at java.base/java.util.ArrayList.forEach(ArrayList.java:1540)
	at org.testng.TestRunner.privateRun(TestRunner.java:767)
	at org.testng.TestRunner.run(TestRunner.java:588)
	at org.testng.SuiteRunner.runTest(SuiteRunner.java:384)
	at org.testng.SuiteRunner.runSequentially(SuiteRunner.java:378)
	at org.testng.SuiteRunner.privateRun(SuiteRunner.java:337)
	at org.testng.SuiteRunner.run(SuiteRunner.java:286)
	at org.testng.SuiteRunnerWorker.runSuite(SuiteRunnerWorker.java:53)
	at org.testng.SuiteRunnerWorker.run(SuiteRunnerWorker.java:96)
	at org.testng.TestNG.runSuitesSequentially(TestNG.java:1214)
	at org.testng.TestNG.runSuitesLocally(TestNG.java:1136)
	at org.testng.TestNG.runSuites(TestNG.java:1066)
	at org.testng.TestNG.run(TestNG.java:1034)
	at org.testng.remote.AbstractRemoteTestNG.run(AbstractRemoteTestNG.java:115)
	at org.testng.remote.RemoteTestNG.initAndRun(RemoteTestNG.java:251)
	at org.testng.remote.RemoteTestNG.main(RemoteTestNG.java:77)

2020-08-19 18:09:08 INFO  BasePage:30 - New testcase :testCase_NegativeLogin
2020-08-19 18:09:08 INFO  BasePage:32 - Testcase Description : 
2020-08-19 18:09:08 INFO  BasePage:33 - Testcase get skipped
2020-08-19 18:09:08 ERROR BasePage:36 - testCase_NegativeLogin SKIPPED 
2020-08-19 18:09:08 INFO  TestDataProviders:17 - Into Dataprovider - Negative Login Data
2020-08-19 18:09:08 INFO  TestDataProviders:21 - Reading JSON from a file
2020-08-19 18:09:08 INFO  BasePage:30 - New testcase :testCase_NegativeLogin
2020-08-19 18:09:08 INFO  BasePage:32 - Testcase Description : 
2020-08-19 18:09:08 INFO  BasePage:33 - Testcase get skipped
2020-08-19 18:09:08 ERROR BasePage:36 - testCase_NegativeLogin SKIPPED 
2020-08-19 18:09:08 INFO  TestDataProviders:17 - Into Dataprovider - Negative Login Data
2020-08-19 18:09:08 INFO  TestDataProviders:21 - Reading JSON from a file
2020-08-19 18:09:08 INFO  BasePage:30 - New testcase :testCase_NegativeLogin
2020-08-19 18:09:08 INFO  BasePage:32 - Testcase Description : 
2020-08-19 18:09:08 INFO  BasePage:33 - Testcase get skipped
2020-08-19 18:09:08 ERROR BasePage:36 - testCase_NegativeLogin SKIPPED 
2020-08-19 18:09:08 INFO  TestDataProviders:17 - Into Dataprovider - Negative Login Data
2020-08-19 18:09:08 INFO  TestDataProviders:21 - Reading JSON from a file
2020-08-19 18:09:08 INFO  BasePage:30 - New testcase :testCase_NegativeLogin
2020-08-19 18:09:08 INFO  BasePage:32 - Testcase Description : 
2020-08-19 18:09:08 INFO  BasePage:33 - Testcase get skipped
2020-08-19 18:09:08 ERROR BasePage:36 - testCase_NegativeLogin SKIPPED 
2020-08-19 18:09:08 INFO  TestDataProviders:17 - Into Dataprovider - Negative Login Data
2020-08-19 18:09:08 INFO  TestDataProviders:21 - Reading JSON from a file
2020-08-19 18:09:08 INFO  BasePage:131 - Closing brower...
2020-08-19 18:10:47 INFO  BasePage:63 - Into Before Suite - Hook
2020-08-19 18:10:47 INFO  ExtentManager:22 - Into extent reporter ----
2020-08-19 18:10:47 INFO  ExtentManager:34 - HTML report created : Assignment  
2020-08-19 18:10:47 INFO  BasePage:74 - Into before Test Hook 
2020-08-19 18:10:57 INFO  BasePage:86 - Chrome Browser launched successfully..
2020-08-19 18:10:58 INFO  BasePage:30 - New testcase :testCase_Search
2020-08-19 18:10:58 INFO  BasePage:32 - Testcase Description : 
2020-08-19 18:10:58 INFO  BasePage:33 - Testcase get skipped
2020-08-19 18:10:58 ERROR BasePage:36 - testCase_Search SKIPPED 
2020-08-19 18:10:58 INFO  BasePage:131 - Closing brower...
2020-08-19 18:10:58 INFO  BasePage:74 - Into before Test Hook 
2020-08-19 18:11:08 INFO  BasePage:86 - Chrome Browser launched successfully..
2020-08-19 18:11:08 INFO  TestDataProviders:17 - Into Dataprovider - Negative Login Data
2020-08-19 18:11:08 INFO  TestDataProviders:21 - Reading JSON from a file
2020-08-19 18:11:08 INFO  BasePage:99 - Starting the testcase testCase_NegativeLogin
2020-08-19 18:11:16 INFO  NegativeLogin:32 - Login in with wrong pass
2020-08-19 18:11:16 INFO  BasePage:120 - testCase_NegativeLogin PASSED 
2020-08-19 18:11:16 INFO  BasePage:99 - Starting the testcase testCase_NegativeLogin
2020-08-19 18:11:31 INFO  NegativeLogin:32 - Login in with wrong pass
2020-08-19 18:11:31 INFO  BasePage:30 - New testcase :testCase_NegativeLogin
2020-08-19 18:11:31 INFO  BasePage:32 - Testcase Description : 
2020-08-19 18:11:31 INFO  BasePage:33 - Testcase get skipped
2020-08-19 18:11:31 ERROR BasePage:36 - testCase_NegativeLogin SKIPPED 
2020-08-19 18:11:31 ERROR BasePage:124 - testCase_NegativeLogin SKIPPED 
2020-08-19 18:11:31 INFO  TestDataProviders:17 - Into Dataprovider - Negative Login Data
2020-08-19 18:11:31 INFO  TestDataProviders:21 - Reading JSON from a file
2020-08-19 18:11:31 INFO  BasePage:99 - Starting the testcase testCase_NegativeLogin
2020-08-19 18:11:54 INFO  NegativeLogin:32 - Login in with wrong pass
2020-08-19 18:11:54 INFO  BasePage:30 - New testcase :testCase_NegativeLogin
2020-08-19 18:11:54 INFO  BasePage:32 - Testcase Description : 
2020-08-19 18:11:54 INFO  BasePage:33 - Testcase get skipped
2020-08-19 18:11:54 ERROR BasePage:36 - testCase_NegativeLogin SKIPPED 
2020-08-19 18:11:54 ERROR BasePage:124 - testCase_NegativeLogin SKIPPED 
2020-08-19 18:11:54 INFO  TestDataProviders:17 - Into Dataprovider - Negative Login Data
2020-08-19 18:11:54 INFO  TestDataProviders:21 - Reading JSON from a file
2020-08-19 18:11:54 INFO  BasePage:99 - Starting the testcase testCase_NegativeLogin
2020-08-19 18:12:06 ERROR BasePage:107 - testCase_NegativeLogin FAILED 
2020-08-19 18:12:06 ERROR BasePage:110 - org.openqa.selenium.NoSuchElementException: no such element: Unable to locate element: {"method":"xpath","selector":"//div[@id='nav-signin-tooltip']//span[@class='nav-action-inner'][contains(text(),'Sign in')]"}
  (Session info: chrome=79.0.3945.79)
For documentation on this error, please visit: https://www.seleniumhq.org/exceptions/no_such_element.html
Build info: version: '3.141.59', revision: 'e82be7d358', time: '2018-11-14T08:17:03'
System info: host: 'ANAMIKASALUJA', ip: '192.168.1.203', os.name: 'Windows 10', os.arch: 'amd64', os.version: '10.0', java.version: '11.0.5'
Driver info: org.openqa.selenium.chrome.ChromeDriver
Capabilities {acceptInsecureCerts: false, browserName: chrome, browserVersion: 79.0.3945.79, chrome: {chromedriverVersion: 79.0.3945.36 (3582db32b3389..., userDataDir: C:\Users\ANAMIK~1\AppData\L...}, goog:chromeOptions: {debuggerAddress: localhost:63375}, javascriptEnabled: true, networkConnectionEnabled: false, pageLoadStrategy: normal, platform: WINDOWS, platformName: WINDOWS, proxy: Proxy(), setWindowRect: true, strictFileInteractability: false, timeouts: {implicit: 0, pageLoad: 300000, script: 30000}, unhandledPromptBehavior: dismiss and notify}
Session ID: 810f3f5b9070d68cede316912192423e
*** Element info: {Using=xpath, value=//div[@id='nav-signin-tooltip']//span[@class='nav-action-inner'][contains(text(),'Sign in')]}
	at java.base/jdk.internal.reflect.NativeConstructorAccessorImpl.newInstance0(Native Method)
	at java.base/jdk.internal.reflect.NativeConstructorAccessorImpl.newInstance(NativeConstructorAccessorImpl.java:62)
	at java.base/jdk.internal.reflect.DelegatingConstructorAccessorImpl.newInstance(DelegatingConstructorAccessorImpl.java:45)
	at java.base/java.lang.reflect.Constructor.newInstance(Constructor.java:490)
	at org.openqa.selenium.remote.http.W3CHttpResponseCodec.createException(W3CHttpResponseCodec.java:187)
	at org.openqa.selenium.remote.http.W3CHttpResponseCodec.decode(W3CHttpResponseCodec.java:122)
	at org.openqa.selenium.remote.http.W3CHttpResponseCodec.decode(W3CHttpResponseCodec.java:49)
	at org.openqa.selenium.remote.HttpCommandExecutor.execute(HttpCommandExecutor.java:158)
	at org.openqa.selenium.remote.service.DriverCommandExecutor.execute(DriverCommandExecutor.java:83)
	at org.openqa.selenium.remote.RemoteWebDriver.execute(RemoteWebDriver.java:552)
	at org.openqa.selenium.remote.RemoteWebDriver.findElement(RemoteWebDriver.java:323)
	at org.openqa.selenium.remote.RemoteWebDriver.findElementByXPath(RemoteWebDriver.java:428)
	at org.openqa.selenium.By$ByXPath.findElement(By.java:353)
	at org.openqa.selenium.remote.RemoteWebDriver.findElement(RemoteWebDriver.java:315)
	at org.openqa.selenium.support.pagefactory.DefaultElementLocator.findElement(DefaultElementLocator.java:69)
	at org.openqa.selenium.support.pagefactory.internal.LocatingElementHandler.invoke(LocatingElementHandler.java:38)
	at com.sun.proxy.$Proxy19.click(Unknown Source)
	at Pages.Login.clickSignInButton(Login.java:40)
	at TestCases.NegativeLogin.testCase_NegativeLogin(NegativeLogin.java:26)
	at java.base/jdk.internal.reflect.NativeMethodAccessorImpl.invoke0(Native Method)
	at java.base/jdk.internal.reflect.NativeMethodAccessorImpl.invoke(NativeMethodAccessorImpl.java:62)
	at java.base/jdk.internal.reflect.DelegatingMethodAccessorImpl.invoke(DelegatingMethodAccessorImpl.java:43)
	at java.base/java.lang.reflect.Method.invoke(Method.java:566)
	at org.testng.internal.MethodInvocationHelper.invokeMethod(MethodInvocationHelper.java:135)
	at org.testng.internal.TestInvoker.invokeMethod(TestInvoker.java:598)
	at org.testng.internal.TestInvoker.retryFailed(TestInvoker.java:214)
	at org.testng.internal.MethodRunner.runInSequence(MethodRunner.java:58)
	at org.testng.internal.TestInvoker$MethodInvocationAgent.invoke(TestInvoker.java:821)
	at org.testng.internal.TestInvoker.invokeTestMethods(TestInvoker.java:147)
	at org.testng.internal.TestMethodWorker.invokeTestMethods(TestMethodWorker.java:146)
	at org.testng.internal.TestMethodWorker.run(TestMethodWorker.java:128)
	at java.base/java.util.ArrayList.forEach(ArrayList.java:1540)
	at org.testng.TestRunner.privateRun(TestRunner.java:767)
	at org.testng.TestRunner.run(TestRunner.java:588)
	at org.testng.SuiteRunner.runTest(SuiteRunner.java:384)
	at org.testng.SuiteRunner.runSequentially(SuiteRunner.java:378)
	at org.testng.SuiteRunner.privateRun(SuiteRunner.java:337)
	at org.testng.SuiteRunner.run(SuiteRunner.java:286)
	at org.testng.SuiteRunnerWorker.runSuite(SuiteRunnerWorker.java:53)
	at org.testng.SuiteRunnerWorker.run(SuiteRunnerWorker.java:96)
	at org.testng.TestNG.runSuitesSequentially(TestNG.java:1214)
	at org.testng.TestNG.runSuitesLocally(TestNG.java:1136)
	at org.testng.TestNG.runSuites(TestNG.java:1066)
	at org.testng.TestNG.run(TestNG.java:1034)
	at org.testng.remote.AbstractRemoteTestNG.run(AbstractRemoteTestNG.java:115)
	at org.testng.remote.RemoteTestNG.initAndRun(RemoteTestNG.java:251)
	at org.testng.remote.RemoteTestNG.main(RemoteTestNG.java:77)

2020-08-19 18:12:07 INFO  BasePage:99 - Starting the testcase testCase_NegativeLogin
2020-08-19 18:12:13 INFO  NegativeLogin:32 - Login in with wrong pass
2020-08-19 18:12:13 INFO  BasePage:30 - New testcase :testCase_NegativeLogin
2020-08-19 18:12:13 INFO  BasePage:32 - Testcase Description : 
2020-08-19 18:12:13 INFO  BasePage:33 - Testcase get skipped
2020-08-19 18:12:13 ERROR BasePage:36 - testCase_NegativeLogin SKIPPED 
2020-08-19 18:12:13 ERROR BasePage:124 - testCase_NegativeLogin SKIPPED 
2020-08-19 18:12:13 INFO  TestDataProviders:17 - Into Dataprovider - Negative Login Data
2020-08-19 18:12:13 INFO  TestDataProviders:21 - Reading JSON from a file
2020-08-19 18:12:13 INFO  BasePage:99 - Starting the testcase testCase_NegativeLogin
2020-08-19 18:12:19 INFO  NegativeLogin:32 - Login in with wrong pass
2020-08-19 18:12:19 INFO  BasePage:30 - New testcase :testCase_NegativeLogin
2020-08-19 18:12:19 INFO  BasePage:32 - Testcase Description : 
2020-08-19 18:12:19 INFO  BasePage:33 - Testcase get skipped
2020-08-19 18:12:19 ERROR BasePage:36 - testCase_NegativeLogin SKIPPED 
2020-08-19 18:12:19 ERROR BasePage:124 - testCase_NegativeLogin SKIPPED 
2020-08-19 18:12:19 INFO  TestDataProviders:17 - Into Dataprovider - Negative Login Data
2020-08-19 18:12:19 INFO  TestDataProviders:21 - Reading JSON from a file
2020-08-19 18:12:19 INFO  BasePage:99 - Starting the testcase testCase_NegativeLogin
2020-08-19 18:12:24 INFO  NegativeLogin:32 - Login in with wrong pass
2020-08-19 18:12:24 ERROR BasePage:107 - testCase_NegativeLogin FAILED 
2020-08-19 18:12:24 ERROR BasePage:110 - java.lang.AssertionError: The following asserts failed:
	expected [Important Message!] but found [],
	expected [Important Message!] but found [There was a problem]
	at org.testng.asserts.SoftAssert.assertAll(SoftAssert.java:47)
	at org.testng.asserts.SoftAssert.assertAll(SoftAssert.java:31)
	at Pages.Login.wrongPassTitle(Login.java:62)
	at TestCases.NegativeLogin.testCase_NegativeLogin(NegativeLogin.java:33)
	at java.base/jdk.internal.reflect.NativeMethodAccessorImpl.invoke0(Native Method)
	at java.base/jdk.internal.reflect.NativeMethodAccessorImpl.invoke(NativeMethodAccessorImpl.java:62)
	at java.base/jdk.internal.reflect.DelegatingMethodAccessorImpl.invoke(DelegatingMethodAccessorImpl.java:43)
	at java.base/java.lang.reflect.Method.invoke(Method.java:566)
	at org.testng.internal.MethodInvocationHelper.invokeMethod(MethodInvocationHelper.java:135)
	at org.testng.internal.TestInvoker.invokeMethod(TestInvoker.java:598)
	at org.testng.internal.TestInvoker.retryFailed(TestInvoker.java:214)
	at org.testng.internal.MethodRunner.runInSequence(MethodRunner.java:58)
	at org.testng.internal.TestInvoker$MethodInvocationAgent.invoke(TestInvoker.java:821)
	at org.testng.internal.TestInvoker.invokeTestMethods(TestInvoker.java:147)
	at org.testng.internal.TestMethodWorker.invokeTestMethods(TestMethodWorker.java:146)
	at org.testng.internal.TestMethodWorker.run(TestMethodWorker.java:128)
	at java.base/java.util.ArrayList.forEach(ArrayList.java:1540)
	at org.testng.TestRunner.privateRun(TestRunner.java:767)
	at org.testng.TestRunner.run(TestRunner.java:588)
	at org.testng.SuiteRunner.runTest(SuiteRunner.java:384)
	at org.testng.SuiteRunner.runSequentially(SuiteRunner.java:378)
	at org.testng.SuiteRunner.privateRun(SuiteRunner.java:337)
	at org.testng.SuiteRunner.run(SuiteRunner.java:286)
	at org.testng.SuiteRunnerWorker.runSuite(SuiteRunnerWorker.java:53)
	at org.testng.SuiteRunnerWorker.run(SuiteRunnerWorker.java:96)
	at org.testng.TestNG.runSuitesSequentially(TestNG.java:1214)
	at org.testng.TestNG.runSuitesLocally(TestNG.java:1136)
	at org.testng.TestNG.runSuites(TestNG.java:1066)
	at org.testng.TestNG.run(TestNG.java:1034)
	at org.testng.remote.AbstractRemoteTestNG.run(AbstractRemoteTestNG.java:115)
	at org.testng.remote.RemoteTestNG.initAndRun(RemoteTestNG.java:251)
	at org.testng.remote.RemoteTestNG.main(RemoteTestNG.java:77)

2020-08-19 18:12:24 INFO  BasePage:131 - Closing brower...
2020-08-19 18:12:26 INFO  ExtentManager:41 - HTML report saved at D:\Eclipse\Amazon_Assignment\Amazon_Assignment/reports
2020-08-19 18:14:57 INFO  BasePage:63 - Into Before Suite - Hook
2020-08-19 18:14:57 INFO  ExtentManager:22 - Into extent reporter ----
2020-08-19 18:14:57 INFO  ExtentManager:34 - HTML report created : Assignment  
2020-08-19 18:14:57 INFO  BasePage:74 - Into before Test Hook 
2020-08-19 18:15:08 INFO  BasePage:86 - Chrome Browser launched successfully..
2020-08-19 18:15:08 INFO  BasePage:30 - New testcase :testCase_Search
2020-08-19 18:15:08 INFO  BasePage:32 - Testcase Description : 
2020-08-19 18:15:08 INFO  BasePage:33 - Testcase get skipped
2020-08-19 18:15:08 ERROR BasePage:36 - testCase_Search SKIPPED 
2020-08-19 18:15:08 INFO  BasePage:131 - Closing brower...
2020-08-19 18:15:09 INFO  BasePage:74 - Into before Test Hook 
2020-08-19 18:15:18 INFO  BasePage:86 - Chrome Browser launched successfully..
2020-08-19 18:15:18 INFO  TestDataProviders:17 - Into Dataprovider - Negative Login Data
2020-08-19 18:15:18 INFO  TestDataProviders:21 - Reading JSON from a file
2020-08-19 18:15:18 INFO  BasePage:99 - Starting the testcase testCase_NegativeLogin
2020-08-19 18:15:26 INFO  NegativeLogin:32 - Login in with wrong pass
2020-08-19 18:15:26 INFO  BasePage:120 - testCase_NegativeLogin PASSED 
2020-08-19 18:15:26 INFO  BasePage:99 - Starting the testcase testCase_NegativeLogin
2020-08-19 18:15:33 INFO  NegativeLogin:32 - Login in with wrong pass
2020-08-19 18:15:33 INFO  BasePage:120 - testCase_NegativeLogin PASSED 
2020-08-19 18:15:33 INFO  BasePage:99 - Starting the testcase testCase_NegativeLogin
2020-08-19 18:15:38 INFO  NegativeLogin:32 - Login in with wrong pass
2020-08-19 18:15:38 INFO  BasePage:120 - testCase_NegativeLogin PASSED 
2020-08-19 18:15:38 INFO  BasePage:131 - Closing brower...
2020-08-19 18:15:39 INFO  ExtentManager:41 - HTML report saved at D:\Eclipse\Amazon_Assignment\Amazon_Assignment/reports
2020-08-25 16:43:21 INFO  BasePage:63 - Into Before Suite - Hook
2020-08-25 16:43:21 INFO  ExtentManager:22 - Into extent reporter ----
2020-08-25 16:43:21 INFO  ExtentManager:34 - HTML report created : Assignment  
2020-08-25 16:43:21 INFO  BasePage:74 - Into before Test Hook 
2020-08-25 16:43:23 INFO  BasePage:88 - Error while launching Browser...
2020-08-25 16:43:23 ERROR BasePage:89 - [Ljava.lang.StackTraceElement;@6d6bc158
2020-08-25 16:43:23 INFO  BasePage:30 - New testcase :testCase_Search
2020-08-25 16:43:23 INFO  BasePage:32 - Testcase Description : 
2020-08-25 16:43:23 INFO  BasePage:33 - Testcase get skipped
2020-08-25 16:43:23 ERROR BasePage:36 - testCase_Search SKIPPED 
2020-08-25 16:43:23 INFO  BasePage:131 - Closing brower...
2020-08-25 16:43:23 INFO  BasePage:74 - Into before Test Hook 
2020-08-25 16:43:24 INFO  BasePage:88 - Error while launching Browser...
2020-08-25 16:43:24 ERROR BasePage:89 - [Ljava.lang.StackTraceElement;@17f460bb
2020-08-25 16:43:24 INFO  TestDataProviders:17 - Into Dataprovider - Negative Login Data
2020-08-25 16:43:24 INFO  TestDataProviders:21 - Reading JSON from a file
2020-08-25 16:43:24 INFO  BasePage:99 - Starting the testcase testCase_NegativeLogin
2020-08-25 16:43:24 INFO  BasePage:30 - New testcase :testCase_NegativeLogin
2020-08-25 16:43:24 INFO  BasePage:32 - Testcase Description : 
2020-08-25 16:43:24 INFO  BasePage:33 - Testcase get skipped
2020-08-25 16:43:24 ERROR BasePage:36 - testCase_NegativeLogin SKIPPED 
2020-08-25 16:43:24 ERROR BasePage:124 - testCase_NegativeLogin SKIPPED 
2020-08-25 16:43:24 INFO  TestDataProviders:17 - Into Dataprovider - Negative Login Data
2020-08-25 16:43:24 INFO  TestDataProviders:21 - Reading JSON from a file
2020-08-25 16:43:24 INFO  BasePage:99 - Starting the testcase testCase_NegativeLogin
2020-08-25 16:43:24 INFO  BasePage:30 - New testcase :testCase_NegativeLogin
2020-08-25 16:43:24 INFO  BasePage:32 - Testcase Description : 
2020-08-25 16:43:24 INFO  BasePage:33 - Testcase get skipped
2020-08-25 16:43:24 ERROR BasePage:36 - testCase_NegativeLogin SKIPPED 
2020-08-25 16:43:24 ERROR BasePage:124 - testCase_NegativeLogin SKIPPED 
2020-08-25 16:43:24 INFO  TestDataProviders:17 - Into Dataprovider - Negative Login Data
2020-08-25 16:43:24 INFO  TestDataProviders:21 - Reading JSON from a file
2020-08-25 16:43:24 INFO  BasePage:99 - Starting the testcase testCase_NegativeLogin
2020-08-25 16:43:24 ERROR BasePage:107 - testCase_NegativeLogin FAILED 
2020-08-25 16:43:24 ERROR BasePage:110 - java.lang.NullPointerException
	at Pages.Login.launch(Login.java:36)
	at TestCases.NegativeLogin.testCase_NegativeLogin(NegativeLogin.java:25)
	at java.base/jdk.internal.reflect.NativeMethodAccessorImpl.invoke0(Native Method)
	at java.base/jdk.internal.reflect.NativeMethodAccessorImpl.invoke(NativeMethodAccessorImpl.java:62)
	at java.base/jdk.internal.reflect.DelegatingMethodAccessorImpl.invoke(DelegatingMethodAccessorImpl.java:43)
	at java.base/java.lang.reflect.Method.invoke(Method.java:566)
	at org.testng.internal.MethodInvocationHelper.invokeMethod(MethodInvocationHelper.java:135)
	at org.testng.internal.TestInvoker.invokeMethod(TestInvoker.java:598)
	at org.testng.internal.TestInvoker.retryFailed(TestInvoker.java:214)
	at org.testng.internal.MethodRunner.runInSequence(MethodRunner.java:58)
	at org.testng.internal.TestInvoker$MethodInvocationAgent.invoke(TestInvoker.java:821)
	at org.testng.internal.TestInvoker.invokeTestMethods(TestInvoker.java:147)
	at org.testng.internal.TestMethodWorker.invokeTestMethods(TestMethodWorker.java:146)
	at org.testng.internal.TestMethodWorker.run(TestMethodWorker.java:128)
	at java.base/java.util.ArrayList.forEach(ArrayList.java:1540)
	at org.testng.TestRunner.privateRun(TestRunner.java:767)
	at org.testng.TestRunner.run(TestRunner.java:588)
	at org.testng.SuiteRunner.runTest(SuiteRunner.java:384)
	at org.testng.SuiteRunner.runSequentially(SuiteRunner.java:378)
	at org.testng.SuiteRunner.privateRun(SuiteRunner.java:337)
	at org.testng.SuiteRunner.run(SuiteRunner.java:286)
	at org.testng.SuiteRunnerWorker.runSuite(SuiteRunnerWorker.java:53)
	at org.testng.SuiteRunnerWorker.run(SuiteRunnerWorker.java:96)
	at org.testng.TestNG.runSuitesSequentially(TestNG.java:1214)
	at org.testng.TestNG.runSuitesLocally(TestNG.java:1136)
	at org.testng.TestNG.runSuites(TestNG.java:1066)
	at org.testng.TestNG.run(TestNG.java:1034)
	at org.testng.remote.AbstractRemoteTestNG.run(AbstractRemoteTestNG.java:115)
	at org.testng.remote.RemoteTestNG.initAndRun(RemoteTestNG.java:251)
	at org.testng.remote.RemoteTestNG.main(RemoteTestNG.java:77)

2020-08-25 16:43:24 INFO  BasePage:30 - New testcase :testCase_NegativeLogin
2020-08-25 16:43:24 INFO  BasePage:32 - Testcase Description : 
2020-08-25 16:43:24 INFO  BasePage:33 - Testcase get skipped
2020-08-25 16:43:24 ERROR BasePage:36 - testCase_NegativeLogin SKIPPED 
2020-08-25 16:43:24 INFO  TestDataProviders:17 - Into Dataprovider - Negative Login Data
2020-08-25 16:43:24 INFO  TestDataProviders:21 - Reading JSON from a file
2020-08-25 16:43:24 INFO  BasePage:30 - New testcase :testCase_NegativeLogin
2020-08-25 16:43:24 INFO  BasePage:32 - Testcase Description : 
2020-08-25 16:43:24 INFO  BasePage:33 - Testcase get skipped
2020-08-25 16:43:24 ERROR BasePage:36 - testCase_NegativeLogin SKIPPED 
2020-08-25 16:43:24 INFO  TestDataProviders:17 - Into Dataprovider - Negative Login Data
2020-08-25 16:43:24 INFO  TestDataProviders:21 - Reading JSON from a file
2020-08-25 16:43:24 INFO  BasePage:30 - New testcase :testCase_NegativeLogin
2020-08-25 16:43:24 INFO  BasePage:32 - Testcase Description : 
2020-08-25 16:43:24 INFO  BasePage:33 - Testcase get skipped
2020-08-25 16:43:24 ERROR BasePage:36 - testCase_NegativeLogin SKIPPED 
2020-08-25 16:43:24 INFO  TestDataProviders:17 - Into Dataprovider - Negative Login Data
2020-08-25 16:43:24 INFO  TestDataProviders:21 - Reading JSON from a file
2020-08-25 16:43:24 INFO  BasePage:30 - New testcase :testCase_NegativeLogin
2020-08-25 16:43:24 INFO  BasePage:32 - Testcase Description : 
2020-08-25 16:43:24 INFO  BasePage:33 - Testcase get skipped
2020-08-25 16:43:24 ERROR BasePage:36 - testCase_NegativeLogin SKIPPED 
2020-08-25 16:43:24 INFO  TestDataProviders:17 - Into Dataprovider - Negative Login Data
2020-08-25 16:43:24 INFO  TestDataProviders:21 - Reading JSON from a file
2020-08-25 16:43:24 INFO  BasePage:131 - Closing brower...
2020-08-25 16:48:39 INFO  BasePage:63 - Into Before Suite - Hook
2020-08-25 16:48:39 INFO  ExtentManager:22 - Into extent reporter ----
2020-08-25 16:48:40 INFO  ExtentManager:34 - HTML report created : Assignment  
2020-08-25 16:48:40 INFO  BasePage:74 - Into before Test Hook 
2020-08-25 16:48:42 INFO  BasePage:88 - Error while launching Browser...
2020-08-25 16:48:42 ERROR BasePage:89 - [Ljava.lang.StackTraceElement;@6d6bc158
2020-08-25 16:48:42 INFO  BasePage:30 - New testcase :testCase_Search
2020-08-25 16:48:42 INFO  BasePage:32 - Testcase Description : 
2020-08-25 16:48:42 INFO  BasePage:33 - Testcase get skipped
2020-08-25 16:48:42 ERROR BasePage:36 - testCase_Search SKIPPED 
2020-08-25 16:48:42 INFO  BasePage:131 - Closing brower...
2020-08-25 16:48:42 INFO  BasePage:74 - Into before Test Hook 
2020-08-25 16:48:44 INFO  BasePage:88 - Error while launching Browser...
2020-08-25 16:48:44 ERROR BasePage:89 - [Ljava.lang.StackTraceElement;@17f460bb
2020-08-25 16:48:44 INFO  TestDataProviders:17 - Into Dataprovider - Negative Login Data
2020-08-25 16:48:44 INFO  TestDataProviders:21 - Reading JSON from a file
2020-08-25 16:48:44 INFO  BasePage:99 - Starting the testcase testCase_NegativeLogin
2020-08-25 16:48:44 INFO  BasePage:30 - New testcase :testCase_NegativeLogin
2020-08-25 16:48:44 INFO  BasePage:32 - Testcase Description : 
2020-08-25 16:48:44 INFO  BasePage:33 - Testcase get skipped
2020-08-25 16:48:44 ERROR BasePage:36 - testCase_NegativeLogin SKIPPED 
2020-08-25 16:48:44 ERROR BasePage:124 - testCase_NegativeLogin SKIPPED 
2020-08-25 16:48:44 INFO  TestDataProviders:17 - Into Dataprovider - Negative Login Data
2020-08-25 16:48:44 INFO  TestDataProviders:21 - Reading JSON from a file
2020-08-25 16:48:44 INFO  BasePage:99 - Starting the testcase testCase_NegativeLogin
2020-08-25 16:48:44 INFO  BasePage:30 - New testcase :testCase_NegativeLogin
2020-08-25 16:48:44 INFO  BasePage:32 - Testcase Description : 
2020-08-25 16:48:44 INFO  BasePage:33 - Testcase get skipped
2020-08-25 16:48:44 ERROR BasePage:36 - testCase_NegativeLogin SKIPPED 
2020-08-25 16:48:44 ERROR BasePage:124 - testCase_NegativeLogin SKIPPED 
2020-08-25 16:48:44 INFO  TestDataProviders:17 - Into Dataprovider - Negative Login Data
2020-08-25 16:48:44 INFO  TestDataProviders:21 - Reading JSON from a file
2020-08-25 16:48:44 INFO  BasePage:99 - Starting the testcase testCase_NegativeLogin
2020-08-25 16:48:44 ERROR BasePage:107 - testCase_NegativeLogin FAILED 
2020-08-25 16:48:44 ERROR BasePage:110 - java.lang.NullPointerException
	at Pages.Login.launch(Login.java:36)
	at TestCases.NegativeLogin.testCase_NegativeLogin(NegativeLogin.java:25)
	at java.base/jdk.internal.reflect.NativeMethodAccessorImpl.invoke0(Native Method)
	at java.base/jdk.internal.reflect.NativeMethodAccessorImpl.invoke(NativeMethodAccessorImpl.java:62)
	at java.base/jdk.internal.reflect.DelegatingMethodAccessorImpl.invoke(DelegatingMethodAccessorImpl.java:43)
	at java.base/java.lang.reflect.Method.invoke(Method.java:566)
	at org.testng.internal.MethodInvocationHelper.invokeMethod(MethodInvocationHelper.java:135)
	at org.testng.internal.TestInvoker.invokeMethod(TestInvoker.java:598)
	at org.testng.internal.TestInvoker.retryFailed(TestInvoker.java:214)
	at org.testng.internal.MethodRunner.runInSequence(MethodRunner.java:58)
	at org.testng.internal.TestInvoker$MethodInvocationAgent.invoke(TestInvoker.java:821)
	at org.testng.internal.TestInvoker.invokeTestMethods(TestInvoker.java:147)
	at org.testng.internal.TestMethodWorker.invokeTestMethods(TestMethodWorker.java:146)
	at org.testng.internal.TestMethodWorker.run(TestMethodWorker.java:128)
	at java.base/java.util.ArrayList.forEach(ArrayList.java:1540)
	at org.testng.TestRunner.privateRun(TestRunner.java:767)
	at org.testng.TestRunner.run(TestRunner.java:588)
	at org.testng.SuiteRunner.runTest(SuiteRunner.java:384)
	at org.testng.SuiteRunner.runSequentially(SuiteRunner.java:378)
	at org.testng.SuiteRunner.privateRun(SuiteRunner.java:337)
	at org.testng.SuiteRunner.run(SuiteRunner.java:286)
	at org.testng.SuiteRunnerWorker.runSuite(SuiteRunnerWorker.java:53)
	at org.testng.SuiteRunnerWorker.run(SuiteRunnerWorker.java:96)
	at org.testng.TestNG.runSuitesSequentially(TestNG.java:1214)
	at org.testng.TestNG.runSuitesLocally(TestNG.java:1136)
	at org.testng.TestNG.runSuites(TestNG.java:1066)
	at org.testng.TestNG.run(TestNG.java:1034)
	at org.testng.remote.AbstractRemoteTestNG.run(AbstractRemoteTestNG.java:115)
	at org.testng.remote.RemoteTestNG.initAndRun(RemoteTestNG.java:251)
	at org.testng.remote.RemoteTestNG.main(RemoteTestNG.java:77)

2020-08-25 16:48:44 INFO  BasePage:30 - New testcase :testCase_NegativeLogin
2020-08-25 16:48:44 INFO  BasePage:32 - Testcase Description : 
2020-08-25 16:48:44 INFO  BasePage:33 - Testcase get skipped
2020-08-25 16:48:44 ERROR BasePage:36 - testCase_NegativeLogin SKIPPED 
2020-08-25 16:48:44 INFO  TestDataProviders:17 - Into Dataprovider - Negative Login Data
2020-08-25 16:48:44 INFO  TestDataProviders:21 - Reading JSON from a file
2020-08-25 16:48:44 INFO  BasePage:30 - New testcase :testCase_NegativeLogin
2020-08-25 16:48:44 INFO  BasePage:32 - Testcase Description : 
2020-08-25 16:48:44 INFO  BasePage:33 - Testcase get skipped
2020-08-25 16:48:44 ERROR BasePage:36 - testCase_NegativeLogin SKIPPED 
2020-08-25 16:48:44 INFO  TestDataProviders:17 - Into Dataprovider - Negative Login Data
2020-08-25 16:48:44 INFO  TestDataProviders:21 - Reading JSON from a file
2020-08-25 16:48:44 INFO  BasePage:30 - New testcase :testCase_NegativeLogin
2020-08-25 16:48:44 INFO  BasePage:32 - Testcase Description : 
2020-08-25 16:48:44 INFO  BasePage:33 - Testcase get skipped
2020-08-25 16:48:44 ERROR BasePage:36 - testCase_NegativeLogin SKIPPED 
2020-08-25 16:48:44 INFO  TestDataProviders:17 - Into Dataprovider - Negative Login Data
2020-08-25 16:48:44 INFO  TestDataProviders:21 - Reading JSON from a file
2020-08-25 16:48:44 INFO  BasePage:30 - New testcase :testCase_NegativeLogin
2020-08-25 16:48:44 INFO  BasePage:32 - Testcase Description : 
2020-08-25 16:48:44 INFO  BasePage:33 - Testcase get skipped
2020-08-25 16:48:44 ERROR BasePage:36 - testCase_NegativeLogin SKIPPED 
2020-08-25 16:48:44 INFO  TestDataProviders:17 - Into Dataprovider - Negative Login Data
2020-08-25 16:48:44 INFO  TestDataProviders:21 - Reading JSON from a file
2020-08-25 16:48:44 INFO  BasePage:131 - Closing brower...
2020-08-25 16:57:12 INFO  BasePage:63 - Into Before Suite - Hook
2020-08-25 16:57:12 INFO  ExtentManager:22 - Into extent reporter ----
2020-08-25 16:57:12 INFO  ExtentManager:34 - HTML report created : Assignment  
2020-08-25 16:57:12 INFO  BasePage:30 - New testcase :testCase_Search
2020-08-25 16:57:12 INFO  BasePage:32 - Testcase Description : 
2020-08-25 16:57:12 INFO  BasePage:33 - Testcase get skipped
2020-08-25 16:57:12 ERROR BasePage:36 - testCase_Search SKIPPED 
2020-08-25 16:57:12 INFO  TestDataProviders:17 - Into Dataprovider - Negative Login Data
2020-08-25 16:57:12 INFO  TestDataProviders:21 - Reading JSON from a file
2020-08-25 16:57:12 INFO  BasePage:30 - New testcase :testCase_NegativeLogin
2020-08-25 16:57:12 INFO  BasePage:32 - Testcase Description : 
2020-08-25 16:57:12 INFO  BasePage:33 - Testcase get skipped
2020-08-25 16:57:12 ERROR BasePage:36 - testCase_NegativeLogin SKIPPED 
2020-08-25 16:57:12 INFO  BasePage:30 - New testcase :testCase_NegativeLogin
2020-08-25 16:57:12 INFO  BasePage:32 - Testcase Description : 
2020-08-25 16:57:12 INFO  BasePage:33 - Testcase get skipped
2020-08-25 16:57:12 ERROR BasePage:36 - testCase_NegativeLogin SKIPPED 
2020-08-25 16:57:12 INFO  BasePage:30 - New testcase :testCase_NegativeLogin
2020-08-25 16:57:12 INFO  BasePage:32 - Testcase Description : 
2020-08-25 16:57:12 INFO  BasePage:33 - Testcase get skipped
2020-08-25 16:57:12 ERROR BasePage:36 - testCase_NegativeLogin SKIPPED 
2020-08-25 16:58:40 INFO  BasePage:63 - Into Before Suite - Hook
2020-08-25 16:58:40 INFO  ExtentManager:22 - Into extent reporter ----
2020-08-25 16:58:40 INFO  ExtentManager:34 - HTML report created : Assignment  
2020-08-25 16:58:40 INFO  BasePage:30 - New testcase :testCase_Search
2020-08-25 16:58:40 INFO  BasePage:32 - Testcase Description : 
2020-08-25 16:58:40 INFO  BasePage:33 - Testcase get skipped
2020-08-25 16:58:40 ERROR BasePage:36 - testCase_Search SKIPPED 
2020-08-25 16:58:40 INFO  TestDataProviders:17 - Into Dataprovider - Negative Login Data
2020-08-25 16:58:40 INFO  TestDataProviders:21 - Reading JSON from a file
2020-08-25 16:58:40 INFO  BasePage:30 - New testcase :testCase_NegativeLogin
2020-08-25 16:58:40 INFO  BasePage:32 - Testcase Description : 
2020-08-25 16:58:40 INFO  BasePage:33 - Testcase get skipped
2020-08-25 16:58:40 ERROR BasePage:36 - testCase_NegativeLogin SKIPPED 
2020-08-25 16:58:40 INFO  BasePage:30 - New testcase :testCase_NegativeLogin
2020-08-25 16:58:40 INFO  BasePage:32 - Testcase Description : 
2020-08-25 16:58:40 INFO  BasePage:33 - Testcase get skipped
2020-08-25 16:58:40 ERROR BasePage:36 - testCase_NegativeLogin SKIPPED 
2020-08-25 16:58:40 INFO  BasePage:30 - New testcase :testCase_NegativeLogin
2020-08-25 16:58:40 INFO  BasePage:32 - Testcase Description : 
2020-08-25 16:58:40 INFO  BasePage:33 - Testcase get skipped
2020-08-25 16:58:40 ERROR BasePage:36 - testCase_NegativeLogin SKIPPED 
2020-08-25 16:58:53 INFO  BasePage:63 - Into Before Suite - Hook
2020-08-25 16:58:53 INFO  ExtentManager:22 - Into extent reporter ----
2020-08-25 16:58:53 INFO  ExtentManager:34 - HTML report created : Assignment  
2020-08-25 16:58:53 INFO  BasePage:30 - New testcase :testCase_Search
2020-08-25 16:58:53 INFO  BasePage:32 - Testcase Description : 
2020-08-25 16:58:53 INFO  BasePage:33 - Testcase get skipped
2020-08-25 16:58:53 ERROR BasePage:36 - testCase_Search SKIPPED 
2020-08-25 16:58:53 INFO  TestDataProviders:17 - Into Dataprovider - Negative Login Data
2020-08-25 16:58:53 INFO  TestDataProviders:21 - Reading JSON from a file
2020-08-25 16:58:53 INFO  BasePage:30 - New testcase :testCase_NegativeLogin
2020-08-25 16:58:53 INFO  BasePage:32 - Testcase Description : 
2020-08-25 16:58:53 INFO  BasePage:33 - Testcase get skipped
2020-08-25 16:58:53 ERROR BasePage:36 - testCase_NegativeLogin SKIPPED 
2020-08-25 16:58:53 INFO  BasePage:30 - New testcase :testCase_NegativeLogin
2020-08-25 16:58:53 INFO  BasePage:32 - Testcase Description : 
2020-08-25 16:58:53 INFO  BasePage:33 - Testcase get skipped
2020-08-25 16:58:53 ERROR BasePage:36 - testCase_NegativeLogin SKIPPED 
2020-08-25 16:58:53 INFO  BasePage:30 - New testcase :testCase_NegativeLogin
2020-08-25 16:58:53 INFO  BasePage:32 - Testcase Description : 
2020-08-25 16:58:53 INFO  BasePage:33 - Testcase get skipped
2020-08-25 16:58:53 ERROR BasePage:36 - testCase_NegativeLogin SKIPPED 
2020-08-25 16:59:28 INFO  BasePage:63 - Into Before Suite - Hook
2020-08-25 16:59:28 INFO  ExtentManager:22 - Into extent reporter ----
2020-08-25 16:59:28 INFO  ExtentManager:34 - HTML report created : Assignment  
2020-08-25 16:59:28 INFO  BasePage:77 - Into before Test Hook 
2020-08-25 16:59:35 INFO  BasePage:89 - Chrome Browser launched successfully..
2020-08-25 16:59:35 INFO  BasePage:30 - New testcase :testCase_Search
2020-08-25 16:59:35 INFO  BasePage:32 - Testcase Description : 
2020-08-25 16:59:35 INFO  BasePage:33 - Testcase get skipped
2020-08-25 16:59:35 ERROR BasePage:36 - testCase_Search SKIPPED 
2020-08-25 16:59:35 INFO  BasePage:134 - Closing brower...
2020-08-25 16:59:36 INFO  BasePage:77 - Into before Test Hook 
2020-08-25 16:59:41 INFO  BasePage:89 - Chrome Browser launched successfully..
2020-08-25 16:59:41 INFO  TestDataProviders:17 - Into Dataprovider - Negative Login Data
2020-08-25 16:59:42 INFO  TestDataProviders:21 - Reading JSON from a file
2020-08-25 16:59:42 INFO  BasePage:102 - Starting the testcase testCase_NegativeLogin
2020-08-25 16:59:49 INFO  NegativeLogin:32 - Login in with wrong pass
2020-08-25 16:59:49 INFO  BasePage:123 - testCase_NegativeLogin PASSED 
2020-08-25 16:59:49 INFO  BasePage:102 - Starting the testcase testCase_NegativeLogin
2020-08-25 16:59:55 INFO  NegativeLogin:32 - Login in with wrong pass
2020-08-25 16:59:55 INFO  BasePage:123 - testCase_NegativeLogin PASSED 
2020-08-25 16:59:55 INFO  BasePage:102 - Starting the testcase testCase_NegativeLogin
2020-08-25 17:00:01 INFO  NegativeLogin:32 - Login in with wrong pass
2020-08-25 17:00:01 INFO  BasePage:123 - testCase_NegativeLogin PASSED 
2020-08-25 17:00:01 INFO  BasePage:134 - Closing brower...
2020-08-25 17:00:02 INFO  ExtentManager:41 - HTML report saved at D:\Assignment\Amazon_Assignment\Amazon_Assignment\Amazon_Assignment/reports
2020-08-25 17:00:38 INFO  BasePage:63 - Into Before Suite - Hook
2020-08-25 17:00:38 INFO  ExtentManager:22 - Into extent reporter ----
2020-08-25 17:00:38 INFO  ExtentManager:34 - HTML report created : Assignment  
2020-08-25 17:00:38 INFO  TestDataProviders:17 - Into Dataprovider - Negative Login Data
2020-08-25 17:00:38 INFO  TestDataProviders:21 - Reading JSON from a file
2020-08-25 18:09:30 INFO  BasePage:63 - Into Before Suite - Hook
2020-08-25 18:09:30 INFO  ExtentManager:22 - Into extent reporter ----
2020-08-25 18:09:30 INFO  ExtentManager:34 - HTML report created : Assignment  
2020-08-25 18:09:30 INFO  BasePage:77 - Into before Test Hook 
2020-08-25 18:09:37 INFO  BasePage:89 - Chrome Browser launched successfully..
2020-08-25 18:09:37 INFO  BasePage:30 - New testcase :testCase_Search
2020-08-25 18:09:37 INFO  BasePage:32 - Testcase Description : 
2020-08-25 18:09:37 INFO  BasePage:33 - Testcase get skipped
2020-08-25 18:09:37 ERROR BasePage:36 - testCase_Search SKIPPED 
2020-08-25 18:09:37 INFO  BasePage:134 - Closing brower...
2020-08-25 18:09:37 INFO  BasePage:77 - Into before Test Hook 
2020-08-25 18:09:43 INFO  BasePage:89 - Chrome Browser launched successfully..
2020-08-25 18:09:43 INFO  TestDataProviders:17 - Into Dataprovider - Negative Login Data
2020-08-25 18:09:43 INFO  TestDataProviders:21 - Reading JSON from a file
2020-08-25 18:09:43 INFO  BasePage:102 - Starting the testcase testCase_NegativeLogin
2020-08-25 18:09:57 INFO  BasePage:30 - New testcase :testCase_NegativeLogin
2020-08-25 18:09:57 INFO  BasePage:32 - Testcase Description : 
2020-08-25 18:09:57 INFO  BasePage:33 - Testcase get skipped
2020-08-25 18:09:57 ERROR BasePage:36 - testCase_NegativeLogin SKIPPED 
2020-08-25 18:09:57 ERROR BasePage:127 - testCase_NegativeLogin SKIPPED 
2020-08-25 18:09:57 INFO  TestDataProviders:17 - Into Dataprovider - Negative Login Data
2020-08-25 18:09:57 INFO  TestDataProviders:21 - Reading JSON from a file
2020-08-25 18:09:57 INFO  BasePage:102 - Starting the testcase testCase_NegativeLogin
2020-08-25 18:10:08 INFO  NegativeLogin:32 - Login in with wrong pass
2020-08-25 18:10:08 INFO  BasePage:123 - testCase_NegativeLogin PASSED 
2020-08-25 18:10:08 INFO  BasePage:102 - Starting the testcase testCase_NegativeLogin
2020-08-25 18:10:19 INFO  BasePage:30 - New testcase :testCase_NegativeLogin
2020-08-25 18:10:19 INFO  BasePage:32 - Testcase Description : 
2020-08-25 18:10:19 INFO  BasePage:33 - Testcase get skipped
2020-08-25 18:10:19 ERROR BasePage:36 - testCase_NegativeLogin SKIPPED 
2020-08-25 18:10:19 ERROR BasePage:127 - testCase_NegativeLogin SKIPPED 
2020-08-25 18:10:19 INFO  TestDataProviders:17 - Into Dataprovider - Negative Login Data
2020-08-25 18:10:19 INFO  TestDataProviders:21 - Reading JSON from a file
2020-08-25 18:10:19 INFO  BasePage:102 - Starting the testcase testCase_NegativeLogin
2020-08-25 18:10:29 INFO  BasePage:30 - New testcase :testCase_NegativeLogin
2020-08-25 18:10:29 INFO  BasePage:32 - Testcase Description : 
2020-08-25 18:10:29 INFO  BasePage:33 - Testcase get skipped
2020-08-25 18:10:29 ERROR BasePage:36 - testCase_NegativeLogin SKIPPED 
2020-08-25 18:10:29 ERROR BasePage:127 - testCase_NegativeLogin SKIPPED 
2020-08-25 18:10:29 INFO  TestDataProviders:17 - Into Dataprovider - Negative Login Data
2020-08-25 18:10:29 INFO  TestDataProviders:21 - Reading JSON from a file
2020-08-25 18:10:29 INFO  BasePage:102 - Starting the testcase testCase_NegativeLogin
2020-08-25 18:10:40 ERROR BasePage:110 - testCase_NegativeLogin FAILED 
2020-08-25 18:10:40 ERROR BasePage:113 - org.openqa.selenium.NoSuchElementException: no such element: Unable to locate element: {"method":"xpath","selector":"//div[@id='nav-signin-tooltip']//span[@class='nav-action-inner'][contains(text(),'Sign in')]"}
  (Session info: chrome=84.0.4147.135)
For documentation on this error, please visit: https://www.seleniumhq.org/exceptions/no_such_element.html
Build info: version: '3.141.59', revision: 'e82be7d358', time: '2018-11-14T08:17:03'
System info: host: 'ANAMIKASALUJA', ip: '192.168.1.203', os.name: 'Windows 10', os.arch: 'amd64', os.version: '10.0', java.version: '11.0.5'
Driver info: org.openqa.selenium.chrome.ChromeDriver
Capabilities {acceptInsecureCerts: false, browserName: chrome, browserVersion: 84.0.4147.135, chrome: {chromedriverVersion: 84.0.4147.30 (48b3e868b4cc0..., userDataDir: C:\Users\ANAMIK~1\AppData\L...}, goog:chromeOptions: {debuggerAddress: localhost:50900}, javascriptEnabled: true, networkConnectionEnabled: false, pageLoadStrategy: normal, platform: WINDOWS, platformName: WINDOWS, proxy: Proxy(), setWindowRect: true, strictFileInteractability: false, timeouts: {implicit: 0, pageLoad: 300000, script: 30000}, unhandledPromptBehavior: dismiss and notify, webauthn:virtualAuthenticators: true}
Session ID: ab4e7788143e9582158b1bc03283fb81
*** Element info: {Using=xpath, value=//div[@id='nav-signin-tooltip']//span[@class='nav-action-inner'][contains(text(),'Sign in')]}
	at java.base/jdk.internal.reflect.NativeConstructorAccessorImpl.newInstance0(Native Method)
	at java.base/jdk.internal.reflect.NativeConstructorAccessorImpl.newInstance(NativeConstructorAccessorImpl.java:62)
	at java.base/jdk.internal.reflect.DelegatingConstructorAccessorImpl.newInstance(DelegatingConstructorAccessorImpl.java:45)
	at java.base/java.lang.reflect.Constructor.newInstance(Constructor.java:490)
	at org.openqa.selenium.remote.http.W3CHttpResponseCodec.createException(W3CHttpResponseCodec.java:187)
	at org.openqa.selenium.remote.http.W3CHttpResponseCodec.decode(W3CHttpResponseCodec.java:122)
	at org.openqa.selenium.remote.http.W3CHttpResponseCodec.decode(W3CHttpResponseCodec.java:49)
	at org.openqa.selenium.remote.HttpCommandExecutor.execute(HttpCommandExecutor.java:158)
	at org.openqa.selenium.remote.service.DriverCommandExecutor.execute(DriverCommandExecutor.java:83)
	at org.openqa.selenium.remote.RemoteWebDriver.execute(RemoteWebDriver.java:552)
	at org.openqa.selenium.remote.RemoteWebDriver.findElement(RemoteWebDriver.java:323)
	at org.openqa.selenium.remote.RemoteWebDriver.findElementByXPath(RemoteWebDriver.java:428)
	at org.openqa.selenium.By$ByXPath.findElement(By.java:353)
	at org.openqa.selenium.remote.RemoteWebDriver.findElement(RemoteWebDriver.java:315)
	at org.openqa.selenium.support.pagefactory.DefaultElementLocator.findElement(DefaultElementLocator.java:69)
	at org.openqa.selenium.support.pagefactory.internal.LocatingElementHandler.invoke(LocatingElementHandler.java:38)
	at com.sun.proxy.$Proxy16.click(Unknown Source)
	at Pages.Login.clickSignInButton(Login.java:40)
	at TestCases.NegativeLogin.testCase_NegativeLogin(NegativeLogin.java:26)
	at java.base/jdk.internal.reflect.NativeMethodAccessorImpl.invoke0(Native Method)
	at java.base/jdk.internal.reflect.NativeMethodAccessorImpl.invoke(NativeMethodAccessorImpl.java:62)
	at java.base/jdk.internal.reflect.DelegatingMethodAccessorImpl.invoke(DelegatingMethodAccessorImpl.java:43)
	at java.base/java.lang.reflect.Method.invoke(Method.java:566)
	at org.testng.internal.MethodInvocationHelper.invokeMethod(MethodInvocationHelper.java:134)
	at org.testng.internal.TestInvoker.invokeMethod(TestInvoker.java:597)
	at org.testng.internal.TestInvoker.retryFailed(TestInvoker.java:213)
	at org.testng.internal.MethodRunner.runInSequence(MethodRunner.java:58)
	at org.testng.internal.TestInvoker$MethodInvocationAgent.invoke(TestInvoker.java:816)
	at org.testng.internal.TestInvoker.invokeTestMethods(TestInvoker.java:146)
	at org.testng.internal.TestMethodWorker.invokeTestMethods(TestMethodWorker.java:146)
	at org.testng.internal.TestMethodWorker.run(TestMethodWorker.java:128)
	at java.base/java.util.ArrayList.forEach(ArrayList.java:1540)
	at org.testng.TestRunner.privateRun(TestRunner.java:766)
	at org.testng.TestRunner.run(TestRunner.java:587)
	at org.testng.SuiteRunner.runTest(SuiteRunner.java:384)
	at org.testng.SuiteRunner.runSequentially(SuiteRunner.java:378)
	at org.testng.SuiteRunner.privateRun(SuiteRunner.java:337)
	at org.testng.SuiteRunner.run(SuiteRunner.java:286)
	at org.testng.SuiteRunnerWorker.runSuite(SuiteRunnerWorker.java:53)
	at org.testng.SuiteRunnerWorker.run(SuiteRunnerWorker.java:96)
	at org.testng.TestNG.runSuitesSequentially(TestNG.java:1187)
	at org.testng.TestNG.runSuitesLocally(TestNG.java:1109)
	at org.testng.TestNG.runSuites(TestNG.java:1039)
	at org.testng.TestNG.run(TestNG.java:1007)
	at org.apache.maven.surefire.testng.TestNGExecutor.run(TestNGExecutor.java:178)
	at org.apache.maven.surefire.testng.TestNGXmlTestSuite.execute(TestNGXmlTestSuite.java:92)
	at org.apache.maven.surefire.testng.TestNGProvider.invoke(TestNGProvider.java:96)
	at java.base/jdk.internal.reflect.NativeMethodAccessorImpl.invoke0(Native Method)
	at java.base/jdk.internal.reflect.NativeMethodAccessorImpl.invoke(NativeMethodAccessorImpl.java:62)
	at java.base/jdk.internal.reflect.DelegatingMethodAccessorImpl.invoke(DelegatingMethodAccessorImpl.java:43)
	at java.base/java.lang.reflect.Method.invoke(Method.java:566)
	at org.apache.maven.surefire.util.ReflectionUtils.invokeMethodWithArray2(ReflectionUtils.java:208)
	at org.apache.maven.surefire.booter.ProviderFactory$ProviderProxy.invoke(ProviderFactory.java:159)
	at org.apache.maven.surefire.booter.ProviderFactory.invokeProvider(ProviderFactory.java:87)
	at org.apache.maven.surefire.booter.ForkedBooter.runSuitesInProcess(ForkedBooter.java:153)
	at org.apache.maven.surefire.booter.ForkedBooter.main(ForkedBooter.java:95)

2020-08-25 18:10:42 INFO  BasePage:102 - Starting the testcase testCase_NegativeLogin
2020-08-25 18:10:49 INFO  NegativeLogin:32 - Login in with wrong pass
2020-08-25 18:10:49 INFO  BasePage:123 - testCase_NegativeLogin PASSED 
2020-08-25 18:10:49 INFO  BasePage:134 - Closing brower...
2020-08-25 18:10:50 INFO  ExtentManager:41 - HTML report saved at D:\Assignment\Amazon_Assignment\Amazon_Assignment\Amazon_Assignment/reports
