<?xml version="1.0" encoding="UTF-8"?>
<!-- Generated by org.testng.reporters.JUnitReportReporter -->
<testsuite hostname="Anamikasaluja" failures="0" tests="4" name="TestCases.NegativeLogin" time="-1598355072.000" errors="1" timestamp="2020-08-25T17:00:38 IST" skipped="3">
  <testcase classname="TestCases.NegativeLogin" name="testCase_NegativeLogin" time="0.000">
    <skipped/>
  </testcase> <!-- testCase_NegativeLogin -->
  <system-out/>
  <testcase classname="TestCases.NegativeLogin" name="openBrowser" time="-1598355072.000">
    <error message="
Parameter &#039;browserName&#039; is required by BeforeTest on method openBrowser but has not been marked @Optional or defined
in C:\Users\anamikasaluja\AppData\Local\Temp\testng-eclipse-1698241328\testng-customsuite.xml" type="org.testng.TestNGException">
      <![CDATA[org.testng.TestNGException: 
Parameter 'browserName' is required by BeforeTest on method openBrowser but has not been marked @Optional or defined
in C:\Users\anamikasaluja\AppData\Local\Temp\testng-eclipse-1698241328\testng-customsuite.xml
at org.testng.internal.Parameters.createParams(Parameters.java:268)
at org.testng.internal.Parameters.createParametersForMethod(Parameters.java:356)
at org.testng.internal.Parameters.createParameters(Parameters.java:700)
at org.testng.internal.Parameters.createConfigurationParameters(Parameters.java:166)
at org.testng.internal.ConfigInvoker.invokeConfigurations(ConfigInvoker.java:299)
at org.testng.TestRunner.invokeTestConfigurations(TestRunner.java:620)
at org.testng.TestRunner.beforeRun(TestRunner.java:610)
at org.testng.TestRunner.run(TestRunner.java:581)
at org.testng.SuiteRunner.runTest(SuiteRunner.java:384)
at org.testng.SuiteRunner.runSequentially(SuiteRunner.java:378)
at org.testng.SuiteRunner.privateRun(SuiteRunner.java:337)
at org.testng.SuiteRunner.run(SuiteRunner.java:286)
at org.testng.SuiteRunnerWorker.runSuite(SuiteRunnerWorker.java:53)
at org.testng.SuiteRunnerWorker.run(SuiteRunnerWorker.java:96)
at org.testng.TestNG.runSuitesSequentially(TestNG.java:1214)
at org.testng.TestNG.runSuitesLocally(TestNG.java:1136)
at org.testng.TestNG.runSuites(TestNG.java:1066)
at org.testng.TestNG.run(TestNG.java:1034)
at org.testng.remote.AbstractRemoteTestNG.run(AbstractRemoteTestNG.java:115)
at org.testng.remote.RemoteTestNG.initAndRun(RemoteTestNG.java:251)
at org.testng.remote.RemoteTestNG.main(RemoteTestNG.java:77)
]]>
    </error>
  </testcase> <!-- openBrowser -->
  <system-out/>
  <testcase classname="TestCases.NegativeLogin" name="testCase_NegativeLogin" time="0.000">
    <skipped/>
  </testcase> <!-- testCase_NegativeLogin -->
  <system-out/>
  <testcase classname="TestCases.NegativeLogin" name="testCase_NegativeLogin" time="0.000">
    <skipped/>
  </testcase> <!-- testCase_NegativeLogin -->
  <system-out/>
</testsuite> <!-- TestCases.NegativeLogin -->
